# JRE version: Java(TM) SE Runtime Environment (8.0_144-b01) (build 1.8.0_144-b01)
# Java VM: Java HotSpot(TM) 64-Bit Server VM (25.144-b01 mixed mode linux-amd64 compressed oops)
Heap:
 PSYoungGen      total 125952K, used 105965K [0x00000000eb780000, 0x00000000f5200000, 0x0000000100000000)
  eden space 96768K, 96% used [0x00000000eb780000,0x00000000f12933f0,0x00000000f1600000)
  from space 29184K, 43% used [0x00000000f3580000,0x00000000f41e8050,0x00000000f5200000)
  to   space 30720K, 0% used [0x00000000f1600000,0x00000000f1600000,0x00000000f3400000)
 ParOldGen       total 101376K, used 51942K [0x00000000c2600000, 0x00000000c8900000, 0x00000000eb780000)
  object space 101376K, 51% used [0x00000000c2600000,0x00000000c58b99b8,0x00000000c8900000)
 Metaspace       used 44389K, capacity 45776K, committed 46336K, reserved 1089536K
  class space    used 4818K, capacity 5189K, committed 5376K, reserved 1048576K
GC Heap History (10 events):
Event: 8100,410 GC heap before
{Heap before GC invocations=49 (full 3):
 PSYoungGen      total 109056K, used 16896K [0x00000000eb780000, 0x00000000f4000000, 0x0000000100000000)
  eden space 80384K, 0% used [0x00000000eb780000,0x00000000eb780000,0x00000000f0600000)
  from space 28672K, 58% used [0x00000000f2200000,0x00000000f3280020,0x00000000f3e00000)
  to   space 28672K, 0% used [0x00000000f0600000,0x00000000f0600000,0x00000000f2200000)
 ParOldGen       total 52224K, used 51965K [0x00000000c2600000, 0x00000000c5900000, 0x00000000eb780000)
  object space 52224K, 99% used [0x00000000c2600000,0x00000000c58bf6b8,0x00000000c5900000)
 Metaspace       used 44498K, capacity 45990K, committed 46080K, reserved 1089536K
  class space    used 4885K, capacity 5320K, committed 5376K, reserved 1048576K
Event: 8101,484 GC heap after
Heap after GC invocations=49 (full 3):
 PSYoungGen      total 109056K, used 0K [0x00000000eb780000, 0x00000000f4000000, 0x0000000100000000)
  eden space 80384K, 0% used [0x00000000eb780000,0x00000000eb780000,0x00000000f0600000)
  from space 28672K, 0% used [0x00000000f2200000,0x00000000f2200000,0x00000000f3e00000)
  to   space 28672K, 0% used [0x00000000f0600000,0x00000000f0600000,0x00000000f2200000)
 ParOldGen       total 101376K, used 51934K [0x00000000c2600000, 0x00000000c8900000, 0x00000000eb780000)
  object space 101376K, 51% used [0x00000000c2600000,0x00000000c58b79b8,0x00000000c8900000)
 Metaspace       used 44196K, capacity 45464K, committed 46080K, reserved 1089536K
  class space    used 4787K, capacity 5137K, committed 5376K, reserved 1048576K
}
Event: 8356,150 GC heap before
{Heap before GC invocations=50 (full 3):
 PSYoungGen      total 109056K, used 80384K [0x00000000eb780000, 0x00000000f4000000, 0x0000000100000000)
  eden space 80384K, 100% used [0x00000000eb780000,0x00000000f0600000,0x00000000f0600000)
  from space 28672K, 0% used [0x00000000f2200000,0x00000000f2200000,0x00000000f3e00000)
  to   space 28672K, 0% used [0x00000000f0600000,0x00000000f0600000,0x00000000f2200000)
 ParOldGen       total 101376K, used 51934K [0x00000000c2600000, 0x00000000c8900000, 0x00000000eb780000)
  object space 101376K, 51% used [0x00000000c2600000,0x00000000c58b79b8,0x00000000c8900000)
 Metaspace       used 44334K, capacity 45740K, committed 46080K, reserved 1089536K
  class space    used 4813K, capacity 5183K, committed 5376K, reserved 1048576K
Event: 8356,168 GC heap after
Heap after GC invocations=50 (full 3):
 PSYoungGen      total 109056K, used 6544K [0x00000000eb780000, 0x00000000f4b00000, 0x0000000100000000)
  eden space 80384K, 0% used [0x00000000eb780000,0x00000000eb780000,0x00000000f0600000)
  from space 28672K, 22% used [0x00000000f0600000,0x00000000f0c64030,0x00000000f2200000)
  to   space 30720K, 0% used [0x00000000f2d00000,0x00000000f2d00000,0x00000000f4b00000)
 ParOldGen       total 101376K, used 51934K [0x00000000c2600000, 0x00000000c8900000, 0x00000000eb780000)
  object space 101376K, 51% used [0x00000000c2600000,0x00000000c58b79b8,0x00000000c8900000)
 Metaspace       used 44334K, capacity 45740K, committed 46080K, reserved 1089536K
  class space    used 4813K, capacity 5183K, committed 5376K, reserved 1048576K
}
Event: 8359,208 GC heap before
{Heap before GC invocations=51 (full 3):
 PSYoungGen      total 109056K, used 86928K [0x00000000eb780000, 0x00000000f4b00000, 0x0000000100000000)
  eden space 80384K, 100% used [0x00000000eb780000,0x00000000f0600000,0x00000000f0600000)
  from space 28672K, 22% used [0x00000000f0600000,0x00000000f0c64030,0x00000000f2200000)
  to   space 30720K, 0% used [0x00000000f2d00000,0x00000000f2d00000,0x00000000f4b00000)
 ParOldGen       total 101376K, used 51934K [0x00000000c2600000, 0x00000000c8900000, 0x00000000eb780000)
  object space 101376K, 51% used [0x00000000c2600000,0x00000000c58b79b8,0x00000000c8900000)
 Metaspace       used 44351K, capacity 45740K, committed 46080K, reserved 1089536K
  class space    used 4813K, capacity 5183K, committed 5376K, reserved 1048576K
Event: 8359,240 GC heap after
Heap after GC invocations=51 (full 3):
 PSYoungGen      total 119808K, used 10096K [0x00000000eb780000, 0x00000000f4b80000, 0x0000000100000000)
  eden space 89088K, 0% used [0x00000000eb780000,0x00000000eb780000,0x00000000f0e80000)
  from space 30720K, 32% used [0x00000000f2d00000,0x00000000f36dc010,0x00000000f4b00000)
  to   space 31232K, 0% used [0x00000000f0e80000,0x00000000f0e80000,0x00000000f2d00000)
 ParOldGen       total 101376K, used 51934K [0x00000000c2600000, 0x00000000c8900000, 0x00000000eb780000)
  object space 101376K, 51% used [0x00000000c2600000,0x00000000c58b79b8,0x00000000c8900000)
 Metaspace       used 44351K, capacity 45740K, committed 46080K, reserved 1089536K
  class space    used 4813K, capacity 5183K, committed 5376K, reserved 1048576K
}
Event: 8367,365 GC heap before
{Heap before GC invocations=52 (full 3):
 PSYoungGen      total 119808K, used 99184K [0x00000000eb780000, 0x00000000f4b80000, 0x0000000100000000)
  eden space 89088K, 100% used [0x00000000eb780000,0x00000000f0e80000,0x00000000f0e80000)
  from space 30720K, 32% used [0x00000000f2d00000,0x00000000f36dc010,0x00000000f4b00000)
  to   space 31232K, 0% used [0x00000000f0e80000,0x00000000f0e80000,0x00000000f2d00000)
 ParOldGen       total 101376K, used 51934K [0x00000000c2600000, 0x00000000c8900000, 0x00000000eb780000)
  object space 101376K, 51% used [0x00000000c2600000,0x00000000c58b79b8,0x00000000c8900000)
 Metaspace       used 44368K, capacity 45770K, committed 46336K, reserved 1089536K
  class space    used 4816K, capacity 5188K, committed 5376K, reserved 1048576K
Event: 8367,446 GC heap after
Heap after GC invocations=52 (full 3):
 PSYoungGen      total 120320K, used 13024K [0x00000000eb780000, 0x00000000f5380000, 0x0000000100000000)
  eden space 89088K, 0% used [0x00000000eb780000,0x00000000eb780000,0x00000000f0e80000)
  from space 31232K, 41% used [0x00000000f0e80000,0x00000000f1b38050,0x00000000f2d00000)
  to   space 30720K, 0% used [0x00000000f3580000,0x00000000f3580000,0x00000000f5380000)
 ParOldGen       total 101376K, used 51942K [0x00000000c2600000, 0x00000000c8900000, 0x00000000eb780000)
  object space 101376K, 51% used [0x00000000c2600000,0x00000000c58b99b8,0x00000000c8900000)
 Metaspace       used 44368K, capacity 45770K, committed 46336K, reserved 1089536K
  class space    used 4816K, capacity 5188K, committed 5376K, reserved 1048576K
}
Event: 8374,950 GC heap before
{Heap before GC invocations=53 (full 3):
 PSYoungGen      total 120320K, used 102112K [0x00000000eb780000, 0x00000000f5380000, 0x0000000100000000)
  eden space 89088K, 100% used [0x00000000eb780000,0x00000000f0e80000,0x00000000f0e80000)
  from space 31232K, 41% used [0x00000000f0e80000,0x00000000f1b38050,0x00000000f2d00000)
  to   space 30720K, 0% used [0x00000000f3580000,0x00000000f3580000,0x00000000f5380000)
 ParOldGen       total 101376K, used 51942K [0x00000000c2600000, 0x00000000c8900000, 0x00000000eb780000)
  object space 101376K, 51% used [0x00000000c2600000,0x00000000c58b99b8,0x00000000c8900000)
 Metaspace       used 44368K, capacity 45770K, committed 46336K, reserved 1089536K
  class space    used 4816K, capacity 5188K, committed 5376K, reserved 1048576K
Event: 8374,963 GC heap after
Heap after GC invocations=53 (full 3):
 PSYoungGen      total 125952K, used 12704K [0x00000000eb780000, 0x00000000f5200000, 0x0000000100000000)
  eden space 96768K, 0% used [0x00000000eb780000,0x00000000eb780000,0x00000000f1600000)
  from space 29184K, 43% used [0x00000000f3580000,0x00000000f41e8050,0x00000000f5200000)
  to   space 30720K, 0% used [0x00000000f1600000,0x00000000f1600000,0x00000000f3400000)
 ParOldGen       total 101376K, used 51942K [0x00000000c2600000, 0x00000000c8900000, 0x00000000eb780000)
  object space 101376K, 51% used [0x00000000c2600000,0x00000000c58b99b8,0x00000000c8900000)
 Metaspace       used 44368K, capacity 45770K, committed 46336K, reserved 1089536K
  class space    used 4816K, capacity 5188K, committed 5376K, reserved 1048576K
}

